The system is: Linux - 4.19.0-13-amd64 - x86_64
Compiling the CXX compiler identification source file "CMakeCXXCompilerId.cpp" succeeded.
Compiler: /usr/bin/c++ 
Build flags: 
Id flags:  

The output was:
0


Compilation of the CXX compiler identification source "CMakeCXXCompilerId.cpp" produced "a.out"

The CXX compiler identification is GNU, found in "/home/pi/Documents/api-deluge-rasp/build/CMakeFiles/3.20.2/CompilerIdCXX/a.out"

Detecting CXX compiler ABI info compiled with the following output:
Change Dir: /home/pi/Documents/api-deluge-rasp/build/CMakeFiles/CMakeTmp

Run Build Command(s):/usr/bin/make -f Makefile cmTC_dd255/fast && /usr/bin/make  -f CMakeFiles/cmTC_dd255.dir/build.make CMakeFiles/cmTC_dd255.dir/build
make[1]: Entering directory '/home/pi/Documents/api-deluge-rasp/build/CMakeFiles/CMakeTmp'
Building CXX object CMakeFiles/cmTC_dd255.dir/CMakeCXXCompilerABI.cpp.o
/usr/bin/c++   -v -o CMakeFiles/cmTC_dd255.dir/CMakeCXXCompilerABI.cpp.o -c /home/pi/Downloads/cmake-3.20.2-linux-x86_64/share/cmake-3.20/Modules/CMakeCXXCompilerABI.cpp
Using built-in specs.
COLLECT_GCC=/usr/bin/c++
Target: i686-linux-gnu
Configured with: ../src/configure -v --with-pkgversion='Debian 8.3.0-6' --with-bugurl=file:///usr/share/doc/gcc-8/README.Bugs --enable-languages=c,ada,c++,go,brig,d,fortran,objc,obj-c++ --prefix=/usr --with-gcc-major-version-only --program-suffix=-8 --program-prefix=i686-linux-gnu- --enable-shared --enable-linker-build-id --libexecdir=/usr/lib --without-included-gettext --enable-threads=posix --libdir=/usr/lib --enable-nls --enable-bootstrap --enable-clocale=gnu --enable-libstdcxx-debug --enable-libstdcxx-time=yes --with-default-libstdcxx-abi=new --enable-gnu-unique-object --disable-vtable-verify --enable-libmpx --enable-plugin --enable-default-pie --with-system-zlib --with-target-system-zlib --enable-objc-gc=auto --enable-targets=all --enable-multiarch --disable-werror --with-arch-32=i686 --with-multilib-list=m32,m64,mx32 --enable-multilib --with-tune=generic --enable-checking=release --build=i686-linux-gnu --host=i686-linux-gnu --target=i686-linux-gnu
Thread model: posix
gcc version 8.3.0 (Debian 8.3.0-6) 
COLLECT_GCC_OPTIONS='-v' '-o' 'CMakeFiles/cmTC_dd255.dir/CMakeCXXCompilerABI.cpp.o' '-c' '-shared-libgcc' '-mtune=generic' '-march=i686'
 /usr/lib/gcc/i686-linux-gnu/8/cc1plus -quiet -v -imultiarch i386-linux-gnu -D_GNU_SOURCE /home/pi/Downloads/cmake-3.20.2-linux-x86_64/share/cmake-3.20/Modules/CMakeCXXCompilerABI.cpp -quiet -dumpbase CMakeCXXCompilerABI.cpp -mtune=generic -march=i686 -auxbase-strip CMakeFiles/cmTC_dd255.dir/CMakeCXXCompilerABI.cpp.o -version -o /tmp/ccGGZnBD.s
GNU C++14 (Debian 8.3.0-6) version 8.3.0 (i686-linux-gnu)
	compiled by GNU C version 8.3.0, GMP version 6.1.2, MPFR version 4.0.2, MPC version 1.1.0, isl version isl-0.20-GMP

GGC heuristics: --param ggc-min-expand=100 --param ggc-min-heapsize=131072
ignoring duplicate directory "/usr/include/i386-linux-gnu/c++/8"
ignoring nonexistent directory "/usr/local/include/i386-linux-gnu"
ignoring nonexistent directory "/usr/lib/gcc/i686-linux-gnu/8/../../../../i686-linux-gnu/include"
#include "..." search starts here:
#include <...> search starts here:
 /usr/include/c++/8
 /usr/include/i386-linux-gnu/c++/8
 /usr/include/c++/8/backward
 /usr/lib/gcc/i686-linux-gnu/8/include
 /usr/local/include
 /usr/lib/gcc/i686-linux-gnu/8/include-fixed
 /usr/include/i386-linux-gnu
 /usr/include
End of search list.
GNU C++14 (Debian 8.3.0-6) version 8.3.0 (i686-linux-gnu)
	compiled by GNU C version 8.3.0, GMP version 6.1.2, MPFR version 4.0.2, MPC version 1.1.0, isl version isl-0.20-GMP

GGC heuristics: --param ggc-min-expand=100 --param ggc-min-heapsize=131072
Compiler executable checksum: 613048e5213e45a6620a76928acfc255
COLLECT_GCC_OPTIONS='-v' '-o' 'CMakeFiles/cmTC_dd255.dir/CMakeCXXCompilerABI.cpp.o' '-c' '-shared-libgcc' '-mtune=generic' '-march=i686'
 as -v --32 -o CMakeFiles/cmTC_dd255.dir/CMakeCXXCompilerABI.cpp.o /tmp/ccGGZnBD.s
GNU assembler version 2.31.1 (i686-linux-gnu) using BFD version (GNU Binutils for Debian) 2.31.1
COMPILER_PATH=/usr/lib/gcc/i686-linux-gnu/8/:/usr/lib/gcc/i686-linux-gnu/8/:/usr/lib/gcc/i686-linux-gnu/:/usr/lib/gcc/i686-linux-gnu/8/:/usr/lib/gcc/i686-linux-gnu/
LIBRARY_PATH=/usr/lib/gcc/i686-linux-gnu/8/:/usr/lib/gcc/i686-linux-gnu/8/../../../i386-linux-gnu/:/usr/lib/gcc/i686-linux-gnu/8/../../../../lib/:/lib/i386-linux-gnu/:/lib/../lib/:/usr/lib/i386-linux-gnu/:/usr/lib/../lib/:/usr/lib/gcc/i686-linux-gnu/8/../../../:/lib/:/usr/lib/
COLLECT_GCC_OPTIONS='-v' '-o' 'CMakeFiles/cmTC_dd255.dir/CMakeCXXCompilerABI.cpp.o' '-c' '-shared-libgcc' '-mtune=generic' '-march=i686'
Linking CXX executable cmTC_dd255
/home/pi/Downloads/cmake-3.20.2-linux-x86_64/bin/cmake -E cmake_link_script CMakeFiles/cmTC_dd255.dir/link.txt --verbose=1
/usr/bin/c++  -v CMakeFiles/cmTC_dd255.dir/CMakeCXXCompilerABI.cpp.o -o cmTC_dd255 
Using built-in specs.
COLLECT_GCC=/usr/bin/c++
COLLECT_LTO_WRAPPER=/usr/lib/gcc/i686-linux-gnu/8/lto-wrapper
Target: i686-linux-gnu
Configured with: ../src/configure -v --with-pkgversion='Debian 8.3.0-6' --with-bugurl=file:///usr/share/doc/gcc-8/README.Bugs --enable-languages=c,ada,c++,go,brig,d,fortran,objc,obj-c++ --prefix=/usr --with-gcc-major-version-only --program-suffix=-8 --program-prefix=i686-linux-gnu- --enable-shared --enable-linker-build-id --libexecdir=/usr/lib --without-included-gettext --enable-threads=posix --libdir=/usr/lib --enable-nls --enable-bootstrap --enable-clocale=gnu --enable-libstdcxx-debug --enable-libstdcxx-time=yes --with-default-libstdcxx-abi=new --enable-gnu-unique-object --disable-vtable-verify --enable-libmpx --enable-plugin --enable-default-pie --with-system-zlib --with-target-system-zlib --enable-objc-gc=auto --enable-targets=all --enable-multiarch --disable-werror --with-arch-32=i686 --with-multilib-list=m32,m64,mx32 --enable-multilib --with-tune=generic --enable-checking=release --build=i686-linux-gnu --host=i686-linux-gnu --target=i686-linux-gnu
Thread model: posix
gcc version 8.3.0 (Debian 8.3.0-6) 
COMPILER_PATH=/usr/lib/gcc/i686-linux-gnu/8/:/usr/lib/gcc/i686-linux-gnu/8/:/usr/lib/gcc/i686-linux-gnu/:/usr/lib/gcc/i686-linux-gnu/8/:/usr/lib/gcc/i686-linux-gnu/
LIBRARY_PATH=/usr/lib/gcc/i686-linux-gnu/8/:/usr/lib/gcc/i686-linux-gnu/8/../../../i386-linux-gnu/:/usr/lib/gcc/i686-linux-gnu/8/../../../../lib/:/lib/i386-linux-gnu/:/lib/../lib/:/usr/lib/i386-linux-gnu/:/usr/lib/../lib/:/usr/lib/gcc/i686-linux-gnu/8/../../../:/lib/:/usr/lib/
COLLECT_GCC_OPTIONS='-v' '-o' 'cmTC_dd255' '-shared-libgcc' '-mtune=generic' '-march=i686'
 /usr/lib/gcc/i686-linux-gnu/8/collect2 -plugin /usr/lib/gcc/i686-linux-gnu/8/liblto_plugin.so -plugin-opt=/usr/lib/gcc/i686-linux-gnu/8/lto-wrapper -plugin-opt=-fresolution=/tmp/cck0D0IF.res -plugin-opt=-pass-through=-lgcc_s -plugin-opt=-pass-through=-lgcc -plugin-opt=-pass-through=-lc -plugin-opt=-pass-through=-lgcc_s -plugin-opt=-pass-through=-lgcc --build-id --eh-frame-hdr -m elf_i386 --hash-style=gnu -dynamic-linker /lib/ld-linux.so.2 -pie -o cmTC_dd255 /usr/lib/gcc/i686-linux-gnu/8/../../../i386-linux-gnu/Scrt1.o /usr/lib/gcc/i686-linux-gnu/8/../../../i386-linux-gnu/crti.o /usr/lib/gcc/i686-linux-gnu/8/crtbeginS.o -L/usr/lib/gcc/i686-linux-gnu/8 -L/usr/lib/gcc/i686-linux-gnu/8/../../../i386-linux-gnu -L/usr/lib/gcc/i686-linux-gnu/8/../../../../lib -L/lib/i386-linux-gnu -L/lib/../lib -L/usr/lib/i386-linux-gnu -L/usr/lib/../lib -L/usr/lib/gcc/i686-linux-gnu/8/../../.. CMakeFiles/cmTC_dd255.dir/CMakeCXXCompilerABI.cpp.o -lstdc++ -lm -lgcc_s -lgcc -lc -lgcc_s -lgcc /usr/lib/gcc/i686-linux-gnu/8/crtendS.o /usr/lib/gcc/i686-linux-gnu/8/../../../i386-linux-gnu/crtn.o
COLLECT_GCC_OPTIONS='-v' '-o' 'cmTC_dd255' '-shared-libgcc' '-mtune=generic' '-march=i686'
make[1]: Leaving directory '/home/pi/Documents/api-deluge-rasp/build/CMakeFiles/CMakeTmp'



Parsed CXX implicit include dir info from above output: rv=done
  found start of include info
  found start of implicit include info
    add: [/usr/include/c++/8]
    add: [/usr/include/i386-linux-gnu/c++/8]
    add: [/usr/include/c++/8/backward]
    add: [/usr/lib/gcc/i686-linux-gnu/8/include]
    add: [/usr/local/include]
    add: [/usr/lib/gcc/i686-linux-gnu/8/include-fixed]
    add: [/usr/include/i386-linux-gnu]
    add: [/usr/include]
  end of search list found
  collapse include dir [/usr/include/c++/8] ==> [/usr/include/c++/8]
  collapse include dir [/usr/include/i386-linux-gnu/c++/8] ==> [/usr/include/i386-linux-gnu/c++/8]
  collapse include dir [/usr/include/c++/8/backward] ==> [/usr/include/c++/8/backward]
  collapse include dir [/usr/lib/gcc/i686-linux-gnu/8/include] ==> [/usr/lib/gcc/i686-linux-gnu/8/include]
  collapse include dir [/usr/local/include] ==> [/usr/local/include]
  collapse include dir [/usr/lib/gcc/i686-linux-gnu/8/include-fixed] ==> [/usr/lib/gcc/i686-linux-gnu/8/include-fixed]
  collapse include dir [/usr/include/i386-linux-gnu] ==> [/usr/include/i386-linux-gnu]
  collapse include dir [/usr/include] ==> [/usr/include]
  implicit include dirs: [/usr/include/c++/8;/usr/include/i386-linux-gnu/c++/8;/usr/include/c++/8/backward;/usr/lib/gcc/i686-linux-gnu/8/include;/usr/local/include;/usr/lib/gcc/i686-linux-gnu/8/include-fixed;/usr/include/i386-linux-gnu;/usr/include]


Parsed CXX implicit link information from above output:
  link line regex: [^( *|.*[/\])(ld|CMAKE_LINK_STARTFILE-NOTFOUND|([^/\]+-)?ld|collect2)[^/\]*( |$)]
  ignore line: [Change Dir: /home/pi/Documents/api-deluge-rasp/build/CMakeFiles/CMakeTmp]
  ignore line: []
  ignore line: [Run Build Command(s):/usr/bin/make -f Makefile cmTC_dd255/fast && /usr/bin/make  -f CMakeFiles/cmTC_dd255.dir/build.make CMakeFiles/cmTC_dd255.dir/build]
  ignore line: [make[1]: Entering directory '/home/pi/Documents/api-deluge-rasp/build/CMakeFiles/CMakeTmp']
  ignore line: [Building CXX object CMakeFiles/cmTC_dd255.dir/CMakeCXXCompilerABI.cpp.o]
  ignore line: [/usr/bin/c++   -v -o CMakeFiles/cmTC_dd255.dir/CMakeCXXCompilerABI.cpp.o -c /home/pi/Downloads/cmake-3.20.2-linux-x86_64/share/cmake-3.20/Modules/CMakeCXXCompilerABI.cpp]
  ignore line: [Using built-in specs.]
  ignore line: [COLLECT_GCC=/usr/bin/c++]
  ignore line: [Target: i686-linux-gnu]
  ignore line: [Configured with: ../src/configure -v --with-pkgversion='Debian 8.3.0-6' --with-bugurl=file:///usr/share/doc/gcc-8/README.Bugs --enable-languages=c ada c++ go brig d fortran objc obj-c++ --prefix=/usr --with-gcc-major-version-only --program-suffix=-8 --program-prefix=i686-linux-gnu- --enable-shared --enable-linker-build-id --libexecdir=/usr/lib --without-included-gettext --enable-threads=posix --libdir=/usr/lib --enable-nls --enable-bootstrap --enable-clocale=gnu --enable-libstdcxx-debug --enable-libstdcxx-time=yes --with-default-libstdcxx-abi=new --enable-gnu-unique-object --disable-vtable-verify --enable-libmpx --enable-plugin --enable-default-pie --with-system-zlib --with-target-system-zlib --enable-objc-gc=auto --enable-targets=all --enable-multiarch --disable-werror --with-arch-32=i686 --with-multilib-list=m32 m64 mx32 --enable-multilib --with-tune=generic --enable-checking=release --build=i686-linux-gnu --host=i686-linux-gnu --target=i686-linux-gnu]
  ignore line: [Thread model: posix]
  ignore line: [gcc version 8.3.0 (Debian 8.3.0-6) ]
  ignore line: [COLLECT_GCC_OPTIONS='-v' '-o' 'CMakeFiles/cmTC_dd255.dir/CMakeCXXCompilerABI.cpp.o' '-c' '-shared-libgcc' '-mtune=generic' '-march=i686']
  ignore line: [ /usr/lib/gcc/i686-linux-gnu/8/cc1plus -quiet -v -imultiarch i386-linux-gnu -D_GNU_SOURCE /home/pi/Downloads/cmake-3.20.2-linux-x86_64/share/cmake-3.20/Modules/CMakeCXXCompilerABI.cpp -quiet -dumpbase CMakeCXXCompilerABI.cpp -mtune=generic -march=i686 -auxbase-strip CMakeFiles/cmTC_dd255.dir/CMakeCXXCompilerABI.cpp.o -version -o /tmp/ccGGZnBD.s]
  ignore line: [GNU C++14 (Debian 8.3.0-6) version 8.3.0 (i686-linux-gnu)]
  ignore line: [	compiled by GNU C version 8.3.0  GMP version 6.1.2  MPFR version 4.0.2  MPC version 1.1.0  isl version isl-0.20-GMP]
  ignore line: []
  ignore line: [GGC heuristics: --param ggc-min-expand=100 --param ggc-min-heapsize=131072]
  ignore line: [ignoring duplicate directory "/usr/include/i386-linux-gnu/c++/8"]
  ignore line: [ignoring nonexistent directory "/usr/local/include/i386-linux-gnu"]
  ignore line: [ignoring nonexistent directory "/usr/lib/gcc/i686-linux-gnu/8/../../../../i686-linux-gnu/include"]
  ignore line: [#include "..." search starts here:]
  ignore line: [#include <...> search starts here:]
  ignore line: [ /usr/include/c++/8]
  ignore line: [ /usr/include/i386-linux-gnu/c++/8]
  ignore line: [ /usr/include/c++/8/backward]
  ignore line: [ /usr/lib/gcc/i686-linux-gnu/8/include]
  ignore line: [ /usr/local/include]
  ignore line: [ /usr/lib/gcc/i686-linux-gnu/8/include-fixed]
  ignore line: [ /usr/include/i386-linux-gnu]
  ignore line: [ /usr/include]
  ignore line: [End of search list.]
  ignore line: [GNU C++14 (Debian 8.3.0-6) version 8.3.0 (i686-linux-gnu)]
  ignore line: [	compiled by GNU C version 8.3.0  GMP version 6.1.2  MPFR version 4.0.2  MPC version 1.1.0  isl version isl-0.20-GMP]
  ignore line: []
  ignore line: [GGC heuristics: --param ggc-min-expand=100 --param ggc-min-heapsize=131072]
  ignore line: [Compiler executable checksum: 613048e5213e45a6620a76928acfc255]
  ignore line: [COLLECT_GCC_OPTIONS='-v' '-o' 'CMakeFiles/cmTC_dd255.dir/CMakeCXXCompilerABI.cpp.o' '-c' '-shared-libgcc' '-mtune=generic' '-march=i686']
  ignore line: [ as -v --32 -o CMakeFiles/cmTC_dd255.dir/CMakeCXXCompilerABI.cpp.o /tmp/ccGGZnBD.s]
  ignore line: [GNU assembler version 2.31.1 (i686-linux-gnu) using BFD version (GNU Binutils for Debian) 2.31.1]
  ignore line: [COMPILER_PATH=/usr/lib/gcc/i686-linux-gnu/8/:/usr/lib/gcc/i686-linux-gnu/8/:/usr/lib/gcc/i686-linux-gnu/:/usr/lib/gcc/i686-linux-gnu/8/:/usr/lib/gcc/i686-linux-gnu/]
  ignore line: [LIBRARY_PATH=/usr/lib/gcc/i686-linux-gnu/8/:/usr/lib/gcc/i686-linux-gnu/8/../../../i386-linux-gnu/:/usr/lib/gcc/i686-linux-gnu/8/../../../../lib/:/lib/i386-linux-gnu/:/lib/../lib/:/usr/lib/i386-linux-gnu/:/usr/lib/../lib/:/usr/lib/gcc/i686-linux-gnu/8/../../../:/lib/:/usr/lib/]
  ignore line: [COLLECT_GCC_OPTIONS='-v' '-o' 'CMakeFiles/cmTC_dd255.dir/CMakeCXXCompilerABI.cpp.o' '-c' '-shared-libgcc' '-mtune=generic' '-march=i686']
  ignore line: [Linking CXX executable cmTC_dd255]
  ignore line: [/home/pi/Downloads/cmake-3.20.2-linux-x86_64/bin/cmake -E cmake_link_script CMakeFiles/cmTC_dd255.dir/link.txt --verbose=1]
  ignore line: [/usr/bin/c++  -v CMakeFiles/cmTC_dd255.dir/CMakeCXXCompilerABI.cpp.o -o cmTC_dd255 ]
  ignore line: [Using built-in specs.]
  ignore line: [COLLECT_GCC=/usr/bin/c++]
  ignore line: [COLLECT_LTO_WRAPPER=/usr/lib/gcc/i686-linux-gnu/8/lto-wrapper]
  ignore line: [Target: i686-linux-gnu]
  ignore line: [Configured with: ../src/configure -v --with-pkgversion='Debian 8.3.0-6' --with-bugurl=file:///usr/share/doc/gcc-8/README.Bugs --enable-languages=c ada c++ go brig d fortran objc obj-c++ --prefix=/usr --with-gcc-major-version-only --program-suffix=-8 --program-prefix=i686-linux-gnu- --enable-shared --enable-linker-build-id --libexecdir=/usr/lib --without-included-gettext --enable-threads=posix --libdir=/usr/lib --enable-nls --enable-bootstrap --enable-clocale=gnu --enable-libstdcxx-debug --enable-libstdcxx-time=yes --with-default-libstdcxx-abi=new --enable-gnu-unique-object --disable-vtable-verify --enable-libmpx --enable-plugin --enable-default-pie --with-system-zlib --with-target-system-zlib --enable-objc-gc=auto --enable-targets=all --enable-multiarch --disable-werror --with-arch-32=i686 --with-multilib-list=m32 m64 mx32 --enable-multilib --with-tune=generic --enable-checking=release --build=i686-linux-gnu --host=i686-linux-gnu --target=i686-linux-gnu]
  ignore line: [Thread model: posix]
  ignore line: [gcc version 8.3.0 (Debian 8.3.0-6) ]
  ignore line: [COMPILER_PATH=/usr/lib/gcc/i686-linux-gnu/8/:/usr/lib/gcc/i686-linux-gnu/8/:/usr/lib/gcc/i686-linux-gnu/:/usr/lib/gcc/i686-linux-gnu/8/:/usr/lib/gcc/i686-linux-gnu/]
  ignore line: [LIBRARY_PATH=/usr/lib/gcc/i686-linux-gnu/8/:/usr/lib/gcc/i686-linux-gnu/8/../../../i386-linux-gnu/:/usr/lib/gcc/i686-linux-gnu/8/../../../../lib/:/lib/i386-linux-gnu/:/lib/../lib/:/usr/lib/i386-linux-gnu/:/usr/lib/../lib/:/usr/lib/gcc/i686-linux-gnu/8/../../../:/lib/:/usr/lib/]
  ignore line: [COLLECT_GCC_OPTIONS='-v' '-o' 'cmTC_dd255' '-shared-libgcc' '-mtune=generic' '-march=i686']
  link line: [ /usr/lib/gcc/i686-linux-gnu/8/collect2 -plugin /usr/lib/gcc/i686-linux-gnu/8/liblto_plugin.so -plugin-opt=/usr/lib/gcc/i686-linux-gnu/8/lto-wrapper -plugin-opt=-fresolution=/tmp/cck0D0IF.res -plugin-opt=-pass-through=-lgcc_s -plugin-opt=-pass-through=-lgcc -plugin-opt=-pass-through=-lc -plugin-opt=-pass-through=-lgcc_s -plugin-opt=-pass-through=-lgcc --build-id --eh-frame-hdr -m elf_i386 --hash-style=gnu -dynamic-linker /lib/ld-linux.so.2 -pie -o cmTC_dd255 /usr/lib/gcc/i686-linux-gnu/8/../../../i386-linux-gnu/Scrt1.o /usr/lib/gcc/i686-linux-gnu/8/../../../i386-linux-gnu/crti.o /usr/lib/gcc/i686-linux-gnu/8/crtbeginS.o -L/usr/lib/gcc/i686-linux-gnu/8 -L/usr/lib/gcc/i686-linux-gnu/8/../../../i386-linux-gnu -L/usr/lib/gcc/i686-linux-gnu/8/../../../../lib -L/lib/i386-linux-gnu -L/lib/../lib -L/usr/lib/i386-linux-gnu -L/usr/lib/../lib -L/usr/lib/gcc/i686-linux-gnu/8/../../.. CMakeFiles/cmTC_dd255.dir/CMakeCXXCompilerABI.cpp.o -lstdc++ -lm -lgcc_s -lgcc -lc -lgcc_s -lgcc /usr/lib/gcc/i686-linux-gnu/8/crtendS.o /usr/lib/gcc/i686-linux-gnu/8/../../../i386-linux-gnu/crtn.o]
    arg [/usr/lib/gcc/i686-linux-gnu/8/collect2] ==> ignore
    arg [-plugin] ==> ignore
    arg [/usr/lib/gcc/i686-linux-gnu/8/liblto_plugin.so] ==> ignore
    arg [-plugin-opt=/usr/lib/gcc/i686-linux-gnu/8/lto-wrapper] ==> ignore
    arg [-plugin-opt=-fresolution=/tmp/cck0D0IF.res] ==> ignore
    arg [-plugin-opt=-pass-through=-lgcc_s] ==> ignore
    arg [-plugin-opt=-pass-through=-lgcc] ==> ignore
    arg [-plugin-opt=-pass-through=-lc] ==> ignore
    arg [-plugin-opt=-pass-through=-lgcc_s] ==> ignore
    arg [-plugin-opt=-pass-through=-lgcc] ==> ignore
    arg [--build-id] ==> ignore
    arg [--eh-frame-hdr] ==> ignore
    arg [-m] ==> ignore
    arg [elf_i386] ==> ignore
    arg [--hash-style=gnu] ==> ignore
    arg [-dynamic-linker] ==> ignore
    arg [/lib/ld-linux.so.2] ==> ignore
    arg [-pie] ==> ignore
    arg [-o] ==> ignore
    arg [cmTC_dd255] ==> ignore
    arg [/usr/lib/gcc/i686-linux-gnu/8/../../../i386-linux-gnu/Scrt1.o] ==> obj [/usr/lib/gcc/i686-linux-gnu/8/../../../i386-linux-gnu/Scrt1.o]
    arg [/usr/lib/gcc/i686-linux-gnu/8/../../../i386-linux-gnu/crti.o] ==> obj [/usr/lib/gcc/i686-linux-gnu/8/../../../i386-linux-gnu/crti.o]
    arg [/usr/lib/gcc/i686-linux-gnu/8/crtbeginS.o] ==> obj [/usr/lib/gcc/i686-linux-gnu/8/crtbeginS.o]
    arg [-L/usr/lib/gcc/i686-linux-gnu/8] ==> dir [/usr/lib/gcc/i686-linux-gnu/8]
    arg [-L/usr/lib/gcc/i686-linux-gnu/8/../../../i386-linux-gnu] ==> dir [/usr/lib/gcc/i686-linux-gnu/8/../../../i386-linux-gnu]
    arg [-L/usr/lib/gcc/i686-linux-gnu/8/../../../../lib] ==> dir [/usr/lib/gcc/i686-linux-gnu/8/../../../../lib]
    arg [-L/lib/i386-linux-gnu] ==> dir [/lib/i386-linux-gnu]
    arg [-L/lib/../lib] ==> dir [/lib/../lib]
    arg [-L/usr/lib/i386-linux-gnu] ==> dir [/usr/lib/i386-linux-gnu]
    arg [-L/usr/lib/../lib] ==> dir [/usr/lib/../lib]
    arg [-L/usr/lib/gcc/i686-linux-gnu/8/../../..] ==> dir [/usr/lib/gcc/i686-linux-gnu/8/../../..]
    arg [CMakeFiles/cmTC_dd255.dir/CMakeCXXCompilerABI.cpp.o] ==> ignore
    arg [-lstdc++] ==> lib [stdc++]
    arg [-lm] ==> lib [m]
    arg [-lgcc_s] ==> lib [gcc_s]
    arg [-lgcc] ==> lib [gcc]
    arg [-lc] ==> lib [c]
    arg [-lgcc_s] ==> lib [gcc_s]
    arg [-lgcc] ==> lib [gcc]
    arg [/usr/lib/gcc/i686-linux-gnu/8/crtendS.o] ==> obj [/usr/lib/gcc/i686-linux-gnu/8/crtendS.o]
    arg [/usr/lib/gcc/i686-linux-gnu/8/../../../i386-linux-gnu/crtn.o] ==> obj [/usr/lib/gcc/i686-linux-gnu/8/../../../i386-linux-gnu/crtn.o]
  collapse obj [/usr/lib/gcc/i686-linux-gnu/8/../../../i386-linux-gnu/Scrt1.o] ==> [/usr/lib/i386-linux-gnu/Scrt1.o]
  collapse obj [/usr/lib/gcc/i686-linux-gnu/8/../../../i386-linux-gnu/crti.o] ==> [/usr/lib/i386-linux-gnu/crti.o]
  collapse obj [/usr/lib/gcc/i686-linux-gnu/8/../../../i386-linux-gnu/crtn.o] ==> [/usr/lib/i386-linux-gnu/crtn.o]
  collapse library dir [/usr/lib/gcc/i686-linux-gnu/8] ==> [/usr/lib/gcc/i686-linux-gnu/8]
  collapse library dir [/usr/lib/gcc/i686-linux-gnu/8/../../../i386-linux-gnu] ==> [/usr/lib/i386-linux-gnu]
  collapse library dir [/usr/lib/gcc/i686-linux-gnu/8/../../../../lib] ==> [/usr/lib]
  collapse library dir [/lib/i386-linux-gnu] ==> [/lib/i386-linux-gnu]
  collapse library dir [/lib/../lib] ==> [/lib]
  collapse library dir [/usr/lib/i386-linux-gnu] ==> [/usr/lib/i386-linux-gnu]
  collapse library dir [/usr/lib/../lib] ==> [/usr/lib]
  collapse library dir [/usr/lib/gcc/i686-linux-gnu/8/../../..] ==> [/usr/lib]
  implicit libs: [stdc++;m;gcc_s;gcc;c;gcc_s;gcc]
  implicit objs: [/usr/lib/i386-linux-gnu/Scrt1.o;/usr/lib/i386-linux-gnu/crti.o;/usr/lib/gcc/i686-linux-gnu/8/crtbeginS.o;/usr/lib/gcc/i686-linux-gnu/8/crtendS.o;/usr/lib/i386-linux-gnu/crtn.o]
  implicit dirs: [/usr/lib/gcc/i686-linux-gnu/8;/usr/lib/i386-linux-gnu;/usr/lib;/lib/i386-linux-gnu;/lib]
  implicit fwks: []


